<?xml version="1.0" encoding="UTF-8"?>
<robot generator="Robot 2.9 (Python 3.9.0 on win32)" generated="20201230 16:53:38.268">
<suite id="s1" name="Contact Scenarios" source="C:\GIT\python_training\rf\contact_scenarios.robot">
<kw name="Init Fixtures" library="rf.AddressBook" type="setup">
<status status="PASS" starttime="20201230 16:53:38.424" endtime="20201230 16:53:45.934"></status>
</kw>
<test id="s1-t1" name="Add new contact">
<kw name="Get Contact List" library="rf.AddressBook">
<assign>
<var>${old_list}</var>
</assign>
<msg timestamp="20201230 16:53:45.936" level="INFO">${old_list} = [9: , 10: , 11:firstname1_new lastname1_new, 12:firstnameOMK lastnamePV, 13:firstname9QG2N lastnamewgq , 14:firstnameVt4r8  R lastnameGy, 15:firstnamea lastnamea6, 17:firstname  dpWqC lastnameUkZT2sg6...</msg>
<status status="PASS" starttime="20201230 16:53:45.934" endtime="20201230 16:53:45.936"></status>
</kw>
<kw name="New Contact" library="rf.AddressBook">
<arguments>
<arg>firstname_robot</arg>
<arg>lastname_robot</arg>
</arguments>
<assign>
<var>${contact}</var>
</assign>
<msg timestamp="20201230 16:53:45.937" level="INFO">${contact} = None:firstname_robot lastname_robot</msg>
<status status="PASS" starttime="20201230 16:53:45.936" endtime="20201230 16:53:45.937"></status>
</kw>
<kw name="Create Contact" library="rf.AddressBook">
<arguments>
<arg>${contact}</arg>
</arguments>
<msg timestamp="20201230 16:53:46.452" level="FAIL">TypeError: object of type 'NoneType' has no len()</msg>
<status status="FAIL" starttime="20201230 16:53:45.937" endtime="20201230 16:53:46.452"></status>
</kw>
<status status="FAIL" starttime="20201230 16:53:45.934" endtime="20201230 16:53:46.452" critical="yes">TypeError: object of type 'NoneType' has no len()</status>
</test>
<test id="s1-t2" name="Modify contact">
<kw name="Get Contact List" library="rf.AddressBook">
<assign>
<var>${old_list}</var>
</assign>
<msg timestamp="20201230 16:53:46.456" level="INFO">${old_list} = [9: , 10: , 11:firstname1_new lastname1_new, 12:firstnameOMK lastnamePV, 13:firstname9QG2N lastnamewgq , 14:firstnameVt4r8  R lastnameGy, 15:firstnamea lastnamea6, 17:firstname  dpWqC lastnameUkZT2sg6...</msg>
<status status="PASS" starttime="20201230 16:53:46.454" endtime="20201230 16:53:46.456"></status>
</kw>
<kw name="Get Length" library="BuiltIn">
<doc>Returns and logs the length of the given item as an integer.</doc>
<arguments>
<arg>${old_list}</arg>
</arguments>
<assign>
<var>${len}</var>
</assign>
<msg timestamp="20201230 16:53:46.456" level="INFO">Length is 28</msg>
<msg timestamp="20201230 16:53:46.456" level="INFO">${len} = 28</msg>
<status status="PASS" starttime="20201230 16:53:46.456" endtime="20201230 16:53:46.456"></status>
</kw>
<kw name="Evaluate" library="BuiltIn">
<doc>Evaluates the given expression in Python and returns the results.</doc>
<arguments>
<arg>random.randrange(${len})</arg>
<arg>random</arg>
</arguments>
<assign>
<var>${index}</var>
</assign>
<msg timestamp="20201230 16:53:46.462" level="INFO">${index} = 21</msg>
<status status="PASS" starttime="20201230 16:53:46.457" endtime="20201230 16:53:46.462"></status>
</kw>
<kw name="Get From List" library="Collections">
<doc>Returns the value specified with an ``index`` from ``list``.</doc>
<arguments>
<arg>${old_list}</arg>
<arg>${index}</arg>
</arguments>
<assign>
<var>${contact}</var>
</assign>
<msg timestamp="20201230 16:53:46.463" level="INFO">${contact} = 32:firstnameOMK lastnamePV</msg>
<status status="PASS" starttime="20201230 16:53:46.462" endtime="20201230 16:53:46.463"></status>
</kw>
<kw name="New Contact" library="rf.AddressBook">
<arguments>
<arg>firstname_robot_modified</arg>
<arg>lastname_robot_modified</arg>
</arguments>
<assign>
<var>${new_contact}</var>
</assign>
<msg timestamp="20201230 16:53:46.463" level="INFO">${new_contact} = None:firstname_robot_modified lastname_robot_modified</msg>
<status status="PASS" starttime="20201230 16:53:46.463" endtime="20201230 16:53:46.463"></status>
</kw>
<kw name="Modify Contact" library="rf.AddressBook">
<arguments>
<arg>${contact}</arg>
<arg>${new_contact}</arg>
</arguments>
<msg timestamp="20201230 16:53:47.000" level="FAIL">TypeError: object of type 'NoneType' has no len()</msg>
<status status="FAIL" starttime="20201230 16:53:46.463" endtime="20201230 16:53:47.000"></status>
</kw>
<status status="FAIL" starttime="20201230 16:53:46.454" endtime="20201230 16:53:47.000" critical="yes">TypeError: object of type 'NoneType' has no len()</status>
</test>
<test id="s1-t3" name="Delete contact">
<kw name="Get Contact List" library="rf.AddressBook">
<assign>
<var>${old_list}</var>
</assign>
<msg timestamp="20201230 16:53:47.004" level="INFO">${old_list} = [9: , 10: , 11:firstname1_new lastname1_new, 12:firstnameOMK lastnamePV, 13:firstname9QG2N lastnamewgq , 14:firstnameVt4r8  R lastnameGy, 15:firstnamea lastnamea6, 17:firstname  dpWqC lastnameUkZT2sg6...</msg>
<status status="PASS" starttime="20201230 16:53:47.002" endtime="20201230 16:53:47.004"></status>
</kw>
<kw name="Get Length" library="BuiltIn">
<doc>Returns and logs the length of the given item as an integer.</doc>
<arguments>
<arg>${old_list}</arg>
</arguments>
<assign>
<var>${len}</var>
</assign>
<msg timestamp="20201230 16:53:47.004" level="INFO">Length is 28</msg>
<msg timestamp="20201230 16:53:47.004" level="INFO">${len} = 28</msg>
<status status="PASS" starttime="20201230 16:53:47.004" endtime="20201230 16:53:47.004"></status>
</kw>
<kw name="Evaluate" library="BuiltIn">
<doc>Evaluates the given expression in Python and returns the results.</doc>
<arguments>
<arg>random.randrange(${len})</arg>
<arg>random</arg>
</arguments>
<assign>
<var>${index}</var>
</assign>
<msg timestamp="20201230 16:53:47.005" level="INFO">${index} = 11</msg>
<status status="PASS" starttime="20201230 16:53:47.004" endtime="20201230 16:53:47.005"></status>
</kw>
<kw name="Get From List" library="Collections">
<doc>Returns the value specified with an ``index`` from ``list``.</doc>
<arguments>
<arg>${old_list}</arg>
<arg>${index}</arg>
</arguments>
<assign>
<var>${contact}</var>
</assign>
<msg timestamp="20201230 16:53:47.005" level="INFO">${contact} = 22:firstname1_new lastname1_new</msg>
<status status="PASS" starttime="20201230 16:53:47.005" endtime="20201230 16:53:47.005"></status>
</kw>
<kw name="Delete Contact" library="rf.AddressBook">
<arguments>
<arg>${contact}</arg>
</arguments>
<status status="PASS" starttime="20201230 16:53:47.005" endtime="20201230 16:53:47.914"></status>
</kw>
<kw name="Get Contact List" library="rf.AddressBook">
<assign>
<var>${new_list}</var>
</assign>
<msg timestamp="20201230 16:53:47.916" level="INFO">${new_list} = [9: , 10: , 11:firstname1_new lastname1_new, 12:firstnameOMK lastnamePV, 13:firstname9QG2N lastnamewgq , 14:firstnameVt4r8  R lastnameGy, 15:firstnamea lastnamea6, 17:firstname  dpWqC lastnameUkZT2sg6...</msg>
<status status="PASS" starttime="20201230 16:53:47.914" endtime="20201230 16:53:47.917"></status>
</kw>
<kw name="Remove Values From List" library="Collections">
<doc>Removes all occurrences of given ``values`` from ``list``.</doc>
<arguments>
<arg>${old_list}</arg>
<arg>${contact}</arg>
</arguments>
<status status="PASS" starttime="20201230 16:53:47.917" endtime="20201230 16:53:47.917"></status>
</kw>
<kw name="Contact Lists Should Be Equal" library="rf.AddressBook">
<arguments>
<arg>${old_list}</arg>
<arg>${new_list}</arg>
</arguments>
<status status="PASS" starttime="20201230 16:53:47.917" endtime="20201230 16:53:47.917"></status>
</kw>
<status status="PASS" starttime="20201230 16:53:47.002" endtime="20201230 16:53:47.918" critical="yes"></status>
</test>
<kw name="Destroy Fixtures" library="rf.AddressBook" type="teardown">
<status status="PASS" starttime="20201230 16:53:47.918" endtime="20201230 16:53:49.804"></status>
</kw>
<status status="FAIL" starttime="20201230 16:53:38.272" endtime="20201230 16:53:49.804"></status>
</suite>
<statistics>
<total>
<stat pass="1" fail="2">Critical Tests</stat>
<stat pass="1" fail="2">All Tests</stat>
</total>
<tag>
</tag>
<suite>
<stat pass="1" fail="2" id="s1" name="Contact Scenarios">Contact Scenarios</stat>
</suite>
</statistics>
<errors>
</errors>
</robot>
